#####Record Log#####
Record: 1. Thread: 1. executing: REMOVE  . Key: 183. thread_create result: 0
Record: 2. Thread: 2. executing: INSERT  . Key: 177. thread_create result: 0
Record: 3. Thread: 3. executing: INSERT  . Key: 193. thread_create result: 0
Record: 4. Thread: 4. executing: CONTAINS. Key: 186. thread_create result: 0
Record: 5. Thread: 5. executing: REMOVE  . Key: 49. thread_create result: 0
Record: 6. Thread: 6. executing: CONTAINS. Key: 162. thread_create result: 0
Record: 7. Thread: 7. executing: COMPUTE . Key: 90. thread_create result: 0
Record: 8. Thread: 8. executing: REMOVE  . Key: 163. thread_create result: 0
Record: 9. Thread: 9. executing: REMOVE  . Key: 140. thread_create result: 0
Record: 10. Thread: 10. executing: REMOVE  . Key: 172. thread_create result: 0
Record: 11. Thread: 11. executing: UPDATE  . Key: 11. thread_create result: 0
Record: 12. Thread: 12. executing: COMPUTE . Key: 167. thread_create result: 0
Record: 13. Thread: 13. executing: INSERT  . Key: 182. thread_create result: 0
Record: 14. Thread: 14. executing: UPDATE  . Key: 62. thread_create result: 0
Record: 15. Thread: 15. executing: INSERT  . Key: 67. thread_create result: 0
Record: 16. Thread: 16. executing: CONTAINS. Key: 129. thread_create result: 0
Record: 17. Thread: 17. executing: UPDATE  . Key: 22. thread_create result: 0
Record: 18. Thread: 18. executing: CONTAINS. Key: 69. thread_create result: 0
Record: 19. Thread: 19. executing: REMOVE  . Key: 193. thread_create result: 0
Record: 20. Thread: 20. executing: CONTAINS. Key: 11. thread_create result: 0
Record: 21. Thread: 21. executing: UPDATE  . Key: 29. thread_create result: 0
Record: 22. Thread: 22. executing: COMPUTE . Key: 21. thread_create result: 0
Record: 23. Thread: 23. executing: CONTAINS. Key: 184. thread_create result: 0
Record: 24. Thread: 24. executing: COMPUTE . Key: 198. thread_create result: 0
Record: 25. Thread: 25. executing: INSERT  . Key: 115. thread_create result: 0
Record: 26. Thread: 26. executing: REMOVE  . Key: 13. thread_create result: 0
Record: 27. Thread: 27. executing: INSERT  . Key: 91. thread_create result: 0
Record: 28. Thread: 28. executing: UPDATE  . Key: 156. thread_create result: 0
Record: 29. Thread: 29. executing: INSERT  . Key: 62. thread_create result: 0
Record: 30. Thread: 30. executing: REMOVE  . Key: 196. thread_create result: 0
Record: 31. Thread: 31. executing: INSERT  . Key: 105. thread_create result: 0
Record: 32. Thread: 32. executing: CONTAINS. Key: 84. thread_create result: 0
Record: 33. Thread: 33. executing: INSERT  . Key: 136. thread_create result: 0
Record: 34. Thread: 34. executing: COMPUTE . Key: 46. thread_create result: 0
Record: 35. Thread: 35. executing: CONTAINS. Key: 113. thread_create result: 0
Record: 36. Thread: 36. executing: INSERT  . Key: 124. thread_create result: 0
Record: 37. Thread: 37. executing: INSERT  . Key: 182. thread_create result: 0
Record: 38. Thread: 38. executing: CONTAINS. Key: 14. thread_create result: 0
Record: 39. Thread: 39. executing: COMPUTE . Key: 34. thread_create result: 0
Record: 40. Thread: 40. executing: INSERT  . Key: 43. thread_create result: 0
Record: 41. Thread: 41. executing: UPDATE  . Key: 87. thread_create result: 0
Record: 42. Thread: 42. executing: UPDATE  . Key: 76. thread_create result: 0
Record: 43. Thread: 43. executing: COMPUTE . Key: 188. thread_create result: 0
Record: 44. Thread: 44. executing: REMOVE  . Key: 3. thread_create result: 0
Record: 45. Thread: 45. executing: COMPUTE . Key: 154. thread_create result: 0
Record: 46. Thread: 46. executing: INSERT  . Key: 132. thread_create result: 0
Record: 47. Thread: 47. executing: UPDATE  . Key: 76. thread_create result: 0
Record: 48. Thread: 48. executing: CONTAINS. Key: 139. thread_create result: 0
Record: 49. Thread: 49. executing: REMOVE  . Key: 26. thread_create result: 0
Record: 50. Thread: 50. executing: COMPUTE . Key: 94. thread_create result: 0
Record: 51. Thread: 51. executing: INSERT  . Key: 195. thread_create result: 0
Record: 52. Thread: 52. executing: UPDATE  . Key: 34. thread_create result: 0
Record: 53. Thread: 53. executing: REMOVE  . Key: 67. thread_create result: 0
Record: 54. Thread: 54. executing: CONTAINS. Key: 97. thread_create result: 0
Record: 55. Thread: 55. executing: CONTAINS. Key: 117. thread_create result: 0
Record: 56. Thread: 56. executing: REMOVE  . Key: 52. thread_create result: 0
Record: 57. Thread: 57. executing: INSERT  . Key: 101. thread_create result: 0
Record: 58. Thread: 58. executing: REMOVE  . Key: 86. thread_create result: 0
Record: 59. Thread: 59. executing: COMPUTE . Key: 65. thread_create result: 0
Record: 60. Thread: 60. executing: COMPUTE . Key: 44. thread_create result: 0
Record: 61. Thread: 61. executing: COMPUTE . Key: 40. thread_create result: 0
Record: 62. Thread: 62. executing: CONTAINS. Key: 31. thread_create result: 0
Record: 63. Thread: 63. executing: REMOVE  . Key: 97. thread_create result: 0
Record: 64. Thread: 64. executing: INSERT  . Key: 81. thread_create result: 0
Record: 65. Thread: 65. executing: CONTAINS. Key: 109. thread_create result: 0
Record: 66. Thread: 66. executing: REMOVE  . Key: 167. thread_create result: 0
Record: 67. Thread: 67. executing: UPDATE  . Key: 97. thread_create result: 0
Record: 68. Thread: 68. executing: INSERT  . Key: 186. thread_create result: 0
Record: 69. Thread: 69. executing: UPDATE  . Key: 106. thread_create result: 0
Record: 70. Thread: 70. executing: COMPUTE . Key: 19. thread_create result: 0
Record: 71. Thread: 71. executing: REMOVE  . Key: 128. thread_create result: 0
Record: 72. Thread: 72. executing: COMPUTE . Key: 132. thread_create result: 0
Record: 73. Thread: 73. executing: COMPUTE . Key: 103. thread_create result: 0
Record: 74. Thread: 74. executing: UPDATE  . Key: 70. thread_create result: 0
Record: 75. Thread: 75. executing: INSERT  . Key: 108. thread_create result: 0
Record: 76. Thread: 76. executing: COMPUTE . Key: 140. thread_create result: 0
Record: 77. Thread: 77. executing: UPDATE  . Key: 196. thread_create result: 0
Record: 78. Thread: 78. executing: INSERT  . Key: 18. thread_create result: 0
Record: 79. Thread: 79. executing: REMOVE  . Key: 46. thread_create result: 0
Record: 80. Thread: 80. executing: INSERT  . Key: 121. thread_create result: 0
Record: 81. Thread: 81. executing: UPDATE  . Key: 179. thread_create result: 0
Record: 82. Thread: 82. executing: UPDATE  . Key: 164. thread_create result: 0
Record: 83. Thread: 83. executing: INSERT  . Key: 41. thread_create result: 0
Record: 84. Thread: 84. executing: INSERT  . Key: 193. thread_create result: 0
Record: 85. Thread: 85. executing: COMPUTE . Key: 34. thread_create result: 0
Record: 86. Thread: 86. executing: COMPUTE . Key: 124. thread_create result: 0
Record: 87. Thread: 87. executing: REMOVE  . Key: 187. thread_create result: 0
Record: 88. Thread: 88. executing: REMOVE  . Key: 143. thread_create result: 0
Record: 89. Thread: 89. executing: INSERT  . Key: 27. thread_create result: 0
Record: 90. Thread: 90. executing: REMOVE  . Key: 59. thread_create result: 0
Record: 91. Thread: 91. executing: REMOVE  . Key: 32. thread_create result: 0
Record: 92. Thread: 92. executing: UPDATE  . Key: 37. thread_create result: 0
Record: 93. Thread: 93. executing: CONTAINS. Key: 75. thread_create result: 0
Record: 94. Thread: 94. executing: REMOVE  . Key: 74. thread_create result: 0
Record: 95. Thread: 95. executing: INSERT  . Key: 58. thread_create result: 0
Record: 96. Thread: 96. executing: CONTAINS. Key: 29. thread_create result: 0
Record: 97. Thread: 97. executing: UPDATE  . Key: 35. thread_create result: 0
Record: 98. Thread: 98. executing: UPDATE  . Key: 18. thread_create result: 0
Record: 99. Thread: 99. executing: REMOVE  . Key: 143. thread_create result: 0
Record: 100. Thread: 100. executing: COMPUTE . Key: 128. thread_create result: 0
Record: 101. Thread: 101. executing: COMPUTE . Key: 176. thread_create result: 0
Record: 102. Thread: 102. executing: UPDATE  . Key: 43. thread_create result: 0
Record: 103. Thread: 103. executing: UPDATE  . Key: 13. thread_create result: 0
Record: 104. Thread: 104. executing: INSERT  . Key: 6. thread_create result: 0
Record: 105. Thread: 105. executing: UPDATE  . Key: 104. thread_create result: 0
Record: 106. Thread: 106. executing: UPDATE  . Key: 128. thread_create result: 0
Record: 107. Thread: 107. executing: CONTAINS. Key: 169. thread_create result: 0
Record: 108. Thread: 108. executing: REMOVE  . Key: 117. thread_create result: 0
Record: 109. Thread: 109. executing: UPDATE  . Key: 124. thread_create result: 0
Record: 110. Thread: 110. executing: UPDATE  . Key: 70. thread_create result: 0
Record: 111. Thread: 111. executing: COMPUTE . Key: 90. thread_create result: 0
Record: 112. Thread: 112. executing: INSERT  . Key: 172. thread_create result: 0
Record: 113. Thread: 113. executing: INSERT  . Key: 44. thread_create result: 0
Record: 114. Thread: 114. executing: COMPUTE . Key: 105. thread_create result: 0
Record: 115. Thread: 115. executing: REMOVE  . Key: 154. thread_create result: 0
Record: 116. Thread: 116. executing: CONTAINS. Key: 69. thread_create result: 0
Record: 117. Thread: 117. executing: COMPUTE . Key: 142. thread_create result: 0
Record: 118. Thread: 118. executing: CONTAINS. Key: 197. thread_create result: 0
Record: 119. Thread: 119. executing: COMPUTE . Key: 155. thread_create result: 0
Record: 120. Thread: 120. executing: REMOVE  . Key: 148. thread_create result: 0
Record: 121. Thread: 121. executing: UPDATE  . Key: 22. thread_create result: 0
Record: 122. Thread: 122. executing: UPDATE  . Key: 99. thread_create result: 0
Record: 123. Thread: 123. executing: UPDATE  . Key: 146. thread_create result: 0
Record: 124. Thread: 124. executing: CONTAINS. Key: 140. thread_create result: 0
Record: 125. Thread: 125. executing: INSERT  . Key: 111. thread_create result: 0
Record: 126. Thread: 126. executing: REMOVE  . Key: 5. thread_create result: 0
Record: 127. Thread: 127. executing: INSERT  . Key: 61. thread_create result: 0
Record: 128. Thread: 128. executing: INSERT  . Key: 78. thread_create result: 0
Record: 129. Thread: 129. executing: REMOVE  . Key: 120. thread_create result: 0
Record: 130. Thread: 130. executing: REMOVE  . Key: 44. thread_create result: 0
Record: 131. Thread: 131. executing: INSERT  . Key: 122. thread_create result: 0
Record: 132. Thread: 132. executing: REMOVE  . Key: 108. thread_create result: 0
Record: 133. Thread: 133. executing: UPDATE  . Key: 82. thread_create result: 0
Record: 134. Thread: 134. executing: CONTAINS. Key: 124. thread_create result: 0
Record: 135. Thread: 135. executing: COMPUTE . Key: 62. thread_create result: 0
Record: 136. Thread: 136. executing: REMOVE  . Key: 0. thread_create result: 0
Record: 137. Thread: 137. executing: COMPUTE . Key: 52. thread_create result: 0
Record: 138. Thread: 138. executing: INSERT  . Key: 179. thread_create result: 0
Record: 139. Thread: 139. executing: REMOVE  . Key: 68. thread_create result: 0
Record: 140. Thread: 140. executing: REMOVE  . Key: 173. thread_create result: 0
Record: 141. Thread: 141. executing: INSERT  . Key: 81. thread_create result: 0
Record: 142. Thread: 142. executing: COMPUTE . Key: 133. thread_create result: 0
Record: 143. Thread: 143. executing: UPDATE  . Key: 60. thread_create result: 0
Record: 144. Thread: 144. executing: REMOVE  . Key: 199. thread_create result: 0
Record: 145. Thread: 145. executing: REMOVE  . Key: 99. thread_create result: 0
Record: 146. Thread: 146. executing: UPDATE  . Key: 159. thread_create result: 0
Record: 147. Thread: 147. executing: UPDATE  . Key: 13. thread_create result: 0
Record: 148. Thread: 148. executing: INSERT  . Key: 190. thread_create result: 0
Record: 149. Thread: 149. executing: REMOVE  . Key: 126. thread_create result: 0
Record: 150. Thread: 150. executing: INSERT  . Key: 84. thread_create result: 0
Record: 151. Thread: 151. executing: COMPUTE . Key: 90. thread_create result: 0
Record: 152. Thread: 152. executing: CONTAINS. Key: 176. thread_create result: 0
Record: 153. Thread: 153. executing: CONTAINS. Key: 136. thread_create result: 0
Record: 154. Thread: 154. executing: REMOVE  . Key: 45. thread_create result: 0
Record: 155. Thread: 155. executing: UPDATE  . Key: 179. thread_create result: 0
Record: 156. Thread: 156. executing: CONTAINS. Key: 87. thread_create result: 0
Record: 157. Thread: 157. executing: CONTAINS. Key: 148. thread_create result: 0
Record: 158. Thread: 158. executing: COMPUTE . Key: 59. thread_create result: 0
Record: 159. Thread: 159. executing: INSERT  . Key: 136. thread_create result: 0
Record: 160. Thread: 160. executing: CONTAINS. Key: 142. thread_create result: 0
Record: 161. Thread: 161. executing: REMOVE  . Key: 6. thread_create result: 0
Record: 162. Thread: 162. executing: CONTAINS. Key: 113. thread_create result: 0
Record: 163. Thread: 163. executing: INSERT  . Key: 121. thread_create result: 0
Record: 164. Thread: 164. executing: COMPUTE . Key: 19. thread_create result: 0
Record: 165. Thread: 165. executing: COMPUTE . Key: 121. thread_create result: 0
Record: 166. Thread: 166. executing: REMOVE  . Key: 139. thread_create result: 0
Record: 167. Thread: 167. executing: CONTAINS. Key: 140. thread_create result: 0
Record: 168. Thread: 168. executing: UPDATE  . Key: 105. thread_create result: 0
Record: 169. Thread: 169. executing: INSERT  . Key: 127. thread_create result: 0
Record: 170. Thread: 170. executing: UPDATE  . Key: 184. thread_create result: 0
Record: 171. Thread: 171. executing: COMPUTE . Key: 120. thread_create result: 0
Record: 172. Thread: 172. executing: COMPUTE . Key: 22. thread_create result: 0
Record: 173. Thread: 173. executing: REMOVE  . Key: 196. thread_create result: 0
Record: 174. Thread: 174. executing: COMPUTE . Key: 30. thread_create result: 0
Record: 175. Thread: 175. executing: CONTAINS. Key: 92. thread_create result: 0
Record: 176. Thread: 176. executing: INSERT  . Key: 72. thread_create result: 0
Record: 177. Thread: 177. executing: INSERT  . Key: 25. thread_create result: 0
Record: 178. Thread: 178. executing: COMPUTE . Key: 22. thread_create result: 0
Record: 179. Thread: 179. executing: CONTAINS. Key: 40. thread_create result: 0
Record: 180. Thread: 180. executing: UPDATE  . Key: 98. thread_create result: 0
Record: 181. Thread: 181. executing: INSERT  . Key: 98. thread_create result: 0
Record: 182. Thread: 182. executing: INSERT  . Key: 124. thread_create result: 0
Record: 183. Thread: 183. executing: REMOVE  . Key: 9. thread_create result: 0
Record: 184. Thread: 184. executing: REMOVE  . Key: 19. thread_create result: 0
Record: 185. Thread: 185. executing: INSERT  . Key: 132. thread_create result: 0
Record: 186. Thread: 186. executing: COMPUTE . Key: 194. thread_create result: 0
Record: 187. Thread: 187. executing: COMPUTE . Key: 179. thread_create result: 0
Record: 188. Thread: 188. executing: REMOVE  . Key: 73. thread_create result: 0
Record: 189. Thread: 189. executing: INSERT  . Key: 50. thread_create result: 0
Record: 190. Thread: 190. executing: CONTAINS. Key: 60. thread_create result: 0
Record: 191. Thread: 191. executing: COMPUTE . Key: 179. thread_create result: 0
Record: 192. Thread: 192. executing: INSERT  . Key: 193. thread_create result: 0
Record: 193. Thread: 193. executing: CONTAINS. Key: 21. thread_create result: 0
Record: 194. Thread: 194. executing: UPDATE  . Key: 104. thread_create result: 0
Record: 195. Thread: 195. executing: COMPUTE . Key: 161. thread_create result: 0
Record: 196. Thread: 196. executing: COMPUTE . Key: 126. thread_create result: 0
Record: 197. Thread: 197. executing: CONTAINS. Key: 144. thread_create result: 0
Record: 198. Thread: 198. executing: REMOVE  . Key: 2. thread_create result: 0
Record: 199. Thread: 199. executing: REMOVE  . Key: 184. thread_create result: 0
Record: 200. Thread: 200. executing: UPDATE  . Key: 42. thread_create result: 0
Record: 201. Thread: 201. executing: COMPUTE . Key: 128. thread_create result: 0
Record: 202. Thread: 202. executing: UPDATE  . Key: 72. thread_create result: 0
Record: 203. Thread: 203. executing: UPDATE  . Key: 158. thread_create result: 0
Record: 204. Thread: 204. executing: UPDATE  . Key: 36. thread_create result: 0
Record: 205. Thread: 205. executing: UPDATE  . Key: 153. thread_create result: 0
Record: 206. Thread: 206. executing: UPDATE  . Key: 103. thread_create result: 0
Record: 207. Thread: 207. executing: UPDATE  . Key: 133. thread_create result: 0
Record: 208. Thread: 208. executing: COMPUTE . Key: 90. thread_create result: 0
Record: 209. Thread: 209. executing: REMOVE  . Key: 167. thread_create result: 0
Record: 210. Thread: 210. executing: COMPUTE . Key: 168. thread_create result: 0
Record: 211. Thread: 211. executing: REMOVE  . Key: 100. thread_create result: 0
Record: 212. Thread: 212. executing: CONTAINS. Key: 188. thread_create result: 0
Record: 213. Thread: 213. executing: INSERT  . Key: 49. thread_create result: 0
Record: 214. Thread: 214. executing: UPDATE  . Key: 103. thread_create result: 0
Record: 215. Thread: 215. executing: CONTAINS. Key: 163. thread_create result: 0
Record: 216. Thread: 216. executing: CONTAINS. Key: 53. thread_create result: 0
Record: 217. Thread: 217. executing: INSERT  . Key: 86. thread_create result: 0
Record: 218. Thread: 218. executing: REMOVE  . Key: 152. thread_create result: 0
Record: 219. Thread: 219. executing: UPDATE  . Key: 175. thread_create result: 0
Record: 220. Thread: 220. executing: COMPUTE . Key: 157. thread_create result: 0
Record: 221. Thread: 221. executing: INSERT  . Key: 36. thread_create result: 0
Record: 222. Thread: 222. executing: REMOVE  . Key: 14. thread_create result: 0
Record: 223. Thread: 223. executing: COMPUTE . Key: 60. thread_create result: 0
Record: 224. Thread: 224. executing: CONTAINS. Key: 28. thread_create result: 0
Record: 225. Thread: 225. executing: UPDATE  . Key: 50. thread_create result: 0
Record: 226. Thread: 226. executing: CONTAINS. Key: 156. thread_create result: 0
Record: 227. Thread: 227. executing: CONTAINS. Key: 194. thread_create result: 0
Record: 228. Thread: 228. executing: UPDATE  . Key: 99. thread_create result: 0
Record: 229. Thread: 229. executing: CONTAINS. Key: 39. thread_create result: 0
Record: 230. Thread: 230. executing: UPDATE  . Key: 28. thread_create result: 0
Record: 231. Thread: 231. executing: REMOVE  . Key: 100. thread_create result: 0
Record: 232. Thread: 232. executing: UPDATE  . Key: 47. thread_create result: 0
Record: 233. Thread: 233. executing: REMOVE  . Key: 159. thread_create result: 0
Record: 234. Thread: 234. executing: COMPUTE . Key: 135. thread_create result: 0
Record: 235. Thread: 235. executing: CONTAINS. Key: 139. thread_create result: 0
Record: 236. Thread: 236. executing: CONTAINS. Key: 15. thread_create result: 0
Record: 237. Thread: 237. executing: COMPUTE . Key: 104. thread_create result: 0
Record: 238. Thread: 238. executing: COMPUTE . Key: 49. thread_create result: 0
Record: 239. Thread: 239. executing: COMPUTE . Key: 85. thread_create result: 0
Record: 240. Thread: 240. executing: INSERT  . Key: 143. thread_create result: 0
Record: 241. Thread: 241. executing: INSERT  . Key: 177. thread_create result: 0
Record: 242. Thread: 242. executing: REMOVE  . Key: 38. thread_create result: 0
Record: 243. Thread: 243. executing: COMPUTE . Key: 149. thread_create result: 0
Record: 244. Thread: 244. executing: UPDATE  . Key: 167. thread_create result: 0
Record: 245. Thread: 245. executing: INSERT  . Key: 92. thread_create result: 0
Record: 246. Thread: 246. executing: COMPUTE . Key: 143. thread_create result: 0
Record: 247. Thread: 247. executing: INSERT  . Key: 29. thread_create result: 0
Record: 248. Thread: 248. executing: INSERT  . Key: 82. thread_create result: 0
Record: 249. Thread: 249. executing: COMPUTE . Key: 141. thread_create result: 0
Record: 250. Thread: 250. executing: CONTAINS. Key: 26. thread_create result: 0
Record: 251. Thread: 251. executing: CONTAINS. Key: 61. thread_create result: 0
Record: 252. Thread: 252. executing: CONTAINS. Key: 160. thread_create result: 0
Record: 253. Thread: 253. executing: REMOVE  . Key: 23. thread_create result: 0
Record: 254. Thread: 254. executing: COMPUTE . Key: 81. thread_create result: 0
Record: 255. Thread: 255. executing: INSERT  . Key: 190. thread_create result: 0
Record: 256. Thread: 256. executing: CONTAINS. Key: 196. thread_create result: 0
Record: 257. Thread: 257. executing: COMPUTE . Key: 77. thread_create result: 0
Record: 258. Thread: 258. executing: REMOVE  . Key: 90. thread_create result: 0
Record: 259. Thread: 259. executing: CONTAINS. Key: 124. thread_create result: 0
Record: 260. Thread: 260. executing: UPDATE  . Key: 14. thread_create result: 0
Record: 261. Thread: 261. executing: UPDATE  . Key: 5. thread_create result: 0
Record: 262. Thread: 262. executing: REMOVE  . Key: 112. thread_create result: 0
Record: 263. Thread: 263. executing: REMOVE  . Key: 100. thread_create result: 0
Record: 264. Thread: 264. executing: COMPUTE . Key: 126. thread_create result: 0
Record: 265. Thread: 265. executing: CONTAINS. Key: 116. thread_create result: 0
Record: 266. Thread: 266. executing: COMPUTE . Key: 178. thread_create result: 0
Record: 267. Thread: 267. executing: INSERT  . Key: 146. thread_create result: 0
Record: 268. Thread: 268. executing: INSERT  . Key: 47. thread_create result: 0
Record: 269. Thread: 269. executing: INSERT  . Key: 51. thread_create result: 0
Record: 270. Thread: 270. executing: UPDATE  . Key: 31. thread_create result: 0
Record: 271. Thread: 271. executing: CONTAINS. Key: 57. thread_create result: 0
Record: 272. Thread: 272. executing: REMOVE  . Key: 112. thread_create result: 0
Record: 273. Thread: 273. executing: INSERT  . Key: 14. thread_create result: 0
Record: 274. Thread: 274. executing: INSERT  . Key: 112. thread_create result: 0
Record: 275. Thread: 275. executing: COMPUTE . Key: 12. thread_create result: 0
Record: 276. Thread: 276. executing: COMPUTE . Key: 10. thread_create result: 0
Record: 277. Thread: 277. executing: COMPUTE . Key: 189. thread_create result: 0
Record: 278. Thread: 278. executing: REMOVE  . Key: 155. thread_create result: 0
Record: 279. Thread: 279. executing: UPDATE  . Key: 20. thread_create result: 0
Record: 280. Thread: 280. executing: UPDATE  . Key: 187. thread_create result: 0
Record: 281. Thread: 281. executing: REMOVE  . Key: 138. thread_create result: 0
Record: 282. Thread: 282. executing: COMPUTE . Key: 170. thread_create result: 0
Record: 283. Thread: 283. executing: CONTAINS. Key: 56. thread_create result: 0
Record: 284. Thread: 284. executing: INSERT  . Key: 6. thread_create result: 0
Record: 285. Thread: 285. executing: CONTAINS. Key: 49. thread_create result: 0
Record: 286. Thread: 286. executing: COMPUTE . Key: 5. thread_create result: 0
Record: 287. Thread: 287. executing: UPDATE  . Key: 17. thread_create result: 0
Record: 288. Thread: 288. executing: UPDATE  . Key: 145. thread_create result: 0
Record: 289. Thread: 289. executing: UPDATE  . Key: 73. thread_create result: 0
Record: 290. Thread: 290. executing: CONTAINS. Key: 73. thread_create result: 0
Record: 291. Thread: 291. executing: UPDATE  . Key: 89. thread_create result: 0
Record: 292. Thread: 292. executing: UPDATE  . Key: 7. thread_create result: 0
Record: 293. Thread: 293. executing: COMPUTE . Key: 157. thread_create result: 0
Record: 294. Thread: 294. executing: COMPUTE . Key: 71. thread_create result: 0
Record: 295. Thread: 295. executing: COMPUTE . Key: 100. thread_create result: 0
Record: 296. Thread: 296. executing: UPDATE  . Key: 18. thread_create result: 0
Record: 297. Thread: 297. executing: UPDATE  . Key: 25. thread_create result: 0
Record: 298. Thread: 298. executing: UPDATE  . Key: 74. thread_create result: 0
Record: 299. Thread: 299. executing: REMOVE  . Key: 157. thread_create result: 0
Record: 300. Thread: 300. executing: UPDATE  . Key: 93. thread_create result: 0
Record: 301. Thread: 301. executing: COMPUTE . Key: 70. thread_create result: 0
Record: 302. Thread: 302. executing: COMPUTE . Key: 17. thread_create result: 0
Record: 303. Thread: 303. executing: UPDATE  . Key: 169. thread_create result: 0
Record: 304. Thread: 304. executing: COMPUTE . Key: 22. thread_create result: 0
Record: 305. Thread: 305. executing: CONTAINS. Key: 173. thread_create result: 0
Record: 306. Thread: 306. executing: CONTAINS. Key: 31. thread_create result: 0
Record: 307. Thread: 307. executing: INSERT  . Key: 82. thread_create result: 0
Record: 308. Thread: 308. executing: REMOVE  . Key: 92. thread_create result: 0
Record: 309. Thread: 309. executing: INSERT  . Key: 57. thread_create result: 0
Record: 310. Thread: 310. executing: CONTAINS. Key: 121. thread_create result: 0
Record: 311. Thread: 311. executing: REMOVE  . Key: 174. thread_create result: 0
Record: 312. Thread: 312. executing: REMOVE  . Key: 147. thread_create result: 0
Record: 313. Thread: 313. executing: REMOVE  . Key: 31. thread_create result: 0
Record: 314. Thread: 314. executing: INSERT  . Key: 137. thread_create result: 0
Record: 315. Thread: 315. executing: INSERT  . Key: 54. thread_create result: 0
Record: 316. Thread: 316. executing: INSERT  . Key: 98. thread_create result: 0
Record: 317. Thread: 317. executing: REMOVE  . Key: 81. thread_create result: 0
Record: 318. Thread: 318. executing: CONTAINS. Key: 116. thread_create result: 0
Record: 319. Thread: 319. executing: COMPUTE . Key: 31. thread_create result: 0
Record: 320. Thread: 320. executing: COMPUTE . Key: 196. thread_create result: 0
Record: 321. Thread: 321. executing: INSERT  . Key: 138. thread_create result: 0
Record: 322. Thread: 322. executing: REMOVE  . Key: 18. thread_create result: 0
Record: 323. Thread: 323. executing: CONTAINS. Key: 170. thread_create result: 0
Record: 324. Thread: 324. executing: COMPUTE . Key: 12. thread_create result: 0
Record: 325. Thread: 325. executing: INSERT  . Key: 177. thread_create result: 0
Record: 326. Thread: 326. executing: COMPUTE . Key: 136. thread_create result: 0
Record: 327. Thread: 327. executing: UPDATE  . Key: 176. thread_create result: 0
Record: 328. Thread: 328. executing: COMPUTE . Key: 7. thread_create result: 0
Record: 329. Thread: 329. executing: COMPUTE . Key: 57. thread_create result: 0
Record: 330. Thread: 330. executing: REMOVE  . Key: 99. thread_create result: 0
Record: 331. Thread: 331. executing: INSERT  . Key: 127. thread_create result: 0
Record: 332. Thread: 332. executing: INSERT  . Key: 36. thread_create result: 0
Record: 333. Thread: 333. executing: INSERT  . Key: 18. thread_create result: 0
Record: 334. Thread: 334. executing: COMPUTE . Key: 163. thread_create result: 0
Record: 335. Thread: 335. executing: REMOVE  . Key: 44. thread_create result: 0
Record: 336. Thread: 336. executing: COMPUTE . Key: 5. thread_create result: 0
Record: 337. Thread: 337. executing: INSERT  . Key: 91. thread_create result: 0
Record: 338. Thread: 338. executing: COMPUTE . Key: 155. thread_create result: 0
Record: 339. Thread: 339. executing: UPDATE  . Key: 189. thread_create result: 0
Record: 340. Thread: 340. executing: UPDATE  . Key: 193. thread_create result: 0
Record: 341. Thread: 341. executing: CONTAINS. Key: 5. thread_create result: 0
Record: 342. Thread: 342. executing: CONTAINS. Key: 22. thread_create result: 0
Record: 343. Thread: 343. executing: INSERT  . Key: 117. thread_create result: 0
Record: 344. Thread: 344. executing: COMPUTE . Key: 93. thread_create result: 0
Record: 345. Thread: 345. executing: UPDATE  . Key: 126. thread_create result: 0
Record: 346. Thread: 346. executing: UPDATE  . Key: 86. thread_create result: 0
Record: 347. Thread: 347. executing: COMPUTE . Key: 143. thread_create result: 0
Record: 348. Thread: 348. executing: UPDATE  . Key: 14. thread_create result: 0
Record: 349. Thread: 349. executing: CONTAINS. Key: 179. thread_create result: 0
Record: 350. Thread: 350. executing: INSERT  . Key: 162. thread_create result: 0
Record: 351. Thread: 351. executing: COMPUTE . Key: 88. thread_create result: 0
Record: 352. Thread: 352. executing: CONTAINS. Key: 110. thread_create result: 0
Record: 353. Thread: 353. executing: CONTAINS. Key: 94. thread_create result: 0
Record: 354. Thread: 354. executing: INSERT  . Key: 146. thread_create result: 0
Record: 355. Thread: 355. executing: REMOVE  . Key: 137. thread_create result: 0
Record: 356. Thread: 356. executing: UPDATE  . Key: 153. thread_create result: 0
Record: 357. Thread: 357. executing: UPDATE  . Key: 173. thread_create result: 0
Record: 358. Thread: 358. executing: REMOVE  . Key: 125. thread_create result: 0
Record: 359. Thread: 359. executing: UPDATE  . Key: 110. thread_create result: 0
Record: 360. Thread: 360. executing: REMOVE  . Key: 17. thread_create result: 0
Record: 361. Thread: 361. executing: INSERT  . Key: 163. thread_create result: 0
Record: 362. Thread: 362. executing: UPDATE  . Key: 90. thread_create result: 0
Record: 363. Thread: 363. executing: COMPUTE . Key: 130. thread_create result: 0
Record: 364. Thread: 364. executing: REMOVE  . Key: 171. thread_create result: 0
Record: 365. Thread: 365. executing: INSERT  . Key: 33. thread_create result: 0
Record: 366. Thread: 366. executing: UPDATE  . Key: 189. thread_create result: 0
Record: 367. Thread: 367. executing: REMOVE  . Key: 4. thread_create result: 0
Record: 368. Thread: 368. executing: INSERT  . Key: 5. thread_create result: 0
Record: 369. Thread: 369. executing: UPDATE  . Key: 68. thread_create result: 0
Record: 370. Thread: 370. executing: REMOVE  . Key: 85. thread_create result: 0
Record: 371. Thread: 371. executing: COMPUTE . Key: 195. thread_create result: 0
Record: 372. Thread: 372. executing: INSERT  . Key: 149. thread_create result: 0
Record: 373. Thread: 373. executing: REMOVE  . Key: 167. thread_create result: 0
Record: 374. Thread: 374. executing: CONTAINS. Key: 163. thread_create result: 0
Record: 375. Thread: 375. executing: REMOVE  . Key: 196. thread_create result: 0
Record: 376. Thread: 376. executing: INSERT  . Key: 65. thread_create result: 0
Record: 377. Thread: 377. executing: INSERT  . Key: 36. thread_create result: 0
Record: 378. Thread: 378. executing: UPDATE  . Key: 170. thread_create result: 0
Record: 379. Thread: 379. executing: CONTAINS. Key: 11. thread_create result: 0
Record: 380. Thread: 380. executing: REMOVE  . Key: 132. thread_create result: 0
Record: 381. Thread: 381. executing: REMOVE  . Key: 179. thread_create result: 0
Record: 382. Thread: 382. executing: COMPUTE . Key: 70. thread_create result: 0
Record: 383. Thread: 383. executing: CONTAINS. Key: 172. thread_create result: 0
Record: 384. Thread: 384. executing: INSERT  . Key: 34. thread_create result: 0
Record: 385. Thread: 385. executing: CONTAINS. Key: 83. thread_create result: 0
Record: 386. Thread: 386. executing: INSERT  . Key: 198. thread_create result: 0
Record: 387. Thread: 387. executing: CONTAINS. Key: 63. thread_create result: 0
Record: 388. Thread: 388. executing: INSERT  . Key: 150. thread_create result: 0
Record: 389. Thread: 389. executing: COMPUTE . Key: 173. thread_create result: 0
Record: 390. Thread: 390. executing: CONTAINS. Key: 59. thread_create result: 0
Record: 391. Thread: 391. executing: COMPUTE . Key: 47. thread_create result: 0
Record: 392. Thread: 392. executing: INSERT  . Key: 82. thread_create result: 0
Record: 393. Thread: 393. executing: COMPUTE . Key: 32. thread_create result: 0
Record: 394. Thread: 394. executing: UPDATE  . Key: 154. thread_create result: 0
Record: 395. Thread: 395. executing: REMOVE  . Key: 98. thread_create result: 0
Record: 396. Thread: 396. executing: UPDATE  . Key: 40. thread_create result: 0
Record: 397. Thread: 397. executing: CONTAINS. Key: 159. thread_create result: 0
Record: 398. Thread: 398. executing: UPDATE  . Key: 62. thread_create result: 0
Record: 399. Thread: 399. executing: UPDATE  . Key: 41. thread_create result: 0
Record: 400. Thread: 400. executing: COMPUTE . Key: 123. thread_create result: 0
Record: 401. Thread: 401. executing: CONTAINS. Key: 72. thread_create result: 0
Record: 402. Thread: 402. executing: INSERT  . Key: 154. thread_create result: 0
Record: 403. Thread: 403. executing: CONTAINS. Key: 21. thread_create result: 0
Record: 404. Thread: 404. executing: CONTAINS. Key: 165. thread_create result: 0
Record: 405. Thread: 405. executing: REMOVE  . Key: 171. thread_create result: 0
Record: 406. Thread: 406. executing: UPDATE  . Key: 69. thread_create result: 0
Record: 407. Thread: 407. executing: UPDATE  . Key: 101. thread_create result: 0
Record: 408. Thread: 408. executing: UPDATE  . Key: 53. thread_create result: 0
Record: 409. Thread: 409. executing: COMPUTE . Key: 107. thread_create result: 0
Record: 410. Thread: 410. executing: REMOVE  . Key: 128. thread_create result: 0
Record: 411. Thread: 411. executing: INSERT  . Key: 197. thread_create result: 0
Record: 412. Thread: 412. executing: UPDATE  . Key: 84. thread_create result: 0
Record: 413. Thread: 413. executing: UPDATE  . Key: 134. thread_create result: 0
Record: 414. Thread: 414. executing: REMOVE  . Key: 191. thread_create result: 0
Record: 415. Thread: 415. executing: INSERT  . Key: 98. thread_create result: 0
Record: 416. Thread: 416. executing: REMOVE  . Key: 52. thread_create result: 0
Record: 417. Thread: 417. executing: COMPUTE . Key: 189. thread_create result: 0
Record: 418. Thread: 418. executing: INSERT  . Key: 106. thread_create result: 0
Record: 419. Thread: 419. executing: COMPUTE . Key: 16. thread_create result: 0
Record: 420. Thread: 420. executing: COMPUTE . Key: 109. thread_create result: 0
Record: 421. Thread: 421. executing: UPDATE  . Key: 0. thread_create result: 0
Record: 422. Thread: 422. executing: UPDATE  . Key: 109. thread_create result: 0
Record: 423. Thread: 423. executing: COMPUTE . Key: 81. thread_create result: 0
Record: 424. Thread: 424. executing: COMPUTE . Key: 138. thread_create result: 0
Record: 425. Thread: 425. executing: CONTAINS. Key: 26. thread_create result: 0
Record: 426. Thread: 426. executing: UPDATE  . Key: 147. thread_create result: 0
Record: 427. Thread: 427. executing: REMOVE  . Key: 187. thread_create result: 0
Record: 428. Thread: 428. executing: CONTAINS. Key: 132. thread_create result: 0
Record: 429. Thread: 429. executing: INSERT  . Key: 81. thread_create result: 0
Record: 430. Thread: 430. executing: COMPUTE . Key: 50. thread_create result: 0
Record: 431. Thread: 431. executing: COMPUTE . Key: 190. thread_create result: 0
Record: 432. Thread: 432. executing: REMOVE  . Key: 150. thread_create result: 0
Record: 433. Thread: 433. executing: CONTAINS. Key: 13. thread_create result: 0
Record: 434. Thread: 434. executing: REMOVE  . Key: 94. thread_create result: 0
Record: 435. Thread: 435. executing: UPDATE  . Key: 81. thread_create result: 0
Record: 436. Thread: 436. executing: UPDATE  . Key: 120. thread_create result: 0
Record: 437. Thread: 437. executing: REMOVE  . Key: 182. thread_create result: 0
Record: 438. Thread: 438. executing: INSERT  . Key: 87. thread_create result: 0
Record: 439. Thread: 439. executing: INSERT  . Key: 96. thread_create result: 0
Record: 440. Thread: 440. executing: CONTAINS. Key: 4. thread_create result: 0
Record: 441. Thread: 441. executing: REMOVE  . Key: 92. thread_create result: 0
Record: 442. Thread: 442. executing: CONTAINS. Key: 97. thread_create result: 0
Record: 443. Thread: 443. executing: REMOVE  . Key: 134. thread_create result: 0
Record: 444. Thread: 444. executing: INSERT  . Key: 106. thread_create result: 0
Record: 445. Thread: 445. executing: UPDATE  . Key: 57. thread_create result: 0
Record: 446. Thread: 446. executing: COMPUTE . Key: 195. thread_create result: 0
Record: 447. Thread: 447. executing: CONTAINS. Key: 162. thread_create result: 0
Record: 448. Thread: 448. executing: REMOVE  . Key: 83. thread_create result: 0
Record: 449. Thread: 449. executing: CONTAINS. Key: 154. thread_create result: 0
Record: 450. Thread: 450. executing: CONTAINS. Key: 109. thread_create result: 0
Record: 451. Thread: 451. executing: CONTAINS. Key: 132. thread_create result: 0
Record: 452. Thread: 452. executing: REMOVE  . Key: 21. thread_create result: 0
Record: 453. Thread: 453. executing: INSERT  . Key: 163. thread_create result: 0
Record: 454. Thread: 454. executing: REMOVE  . Key: 82. thread_create result: 0
Record: 455. Thread: 455. executing: REMOVE  . Key: 85. thread_create result: 0
Record: 456. Thread: 456. executing: INSERT  . Key: 85. thread_create result: 0
Record: 457. Thread: 457. executing: UPDATE  . Key: 190. thread_create result: 0
Record: 458. Thread: 458. executing: REMOVE  . Key: 114. thread_create result: 0
Record: 459. Thread: 459. executing: INSERT  . Key: 116. thread_create result: 0
Record: 460. Thread: 460. executing: INSERT  . Key: 92. thread_create result: 0
Record: 461. Thread: 461. executing: COMPUTE . Key: 128. thread_create result: 0
Record: 462. Thread: 462. executing: INSERT  . Key: 125. thread_create result: 0
Record: 463. Thread: 463. executing: INSERT  . Key: 136. thread_create result: 0
Record: 464. Thread: 464. executing: UPDATE  . Key: 18. thread_create result: 0
Record: 465. Thread: 465. executing: UPDATE  . Key: 137. thread_create result: 0
Record: 466. Thread: 466. executing: REMOVE  . Key: 182. thread_create result: 0
Record: 467. Thread: 467. executing: INSERT  . Key: 110. thread_create result: 0
Record: 468. Thread: 468. executing: INSERT  . Key: 88. thread_create result: 0
Record: 469. Thread: 469. executing: INSERT  . Key: 15. thread_create result: 0
Record: 470. Thread: 470. executing: UPDATE  . Key: 37. thread_create result: 0
Record: 471. Thread: 471. executing: CONTAINS. Key: 8. thread_create result: 0
Record: 472. Thread: 472. executing: INSERT  . Key: 183. thread_create result: 0
Record: 473. Thread: 473. executing: CONTAINS. Key: 57. thread_create result: 0
Record: 474. Thread: 474. executing: REMOVE  . Key: 27. thread_create result: 0
Record: 475. Thread: 475. executing: REMOVE  . Key: 69. thread_create result: 0
Record: 476. Thread: 476. executing: COMPUTE . Key: 51. thread_create result: 0
Record: 477. Thread: 477. executing: UPDATE  . Key: 110. thread_create result: 0
Record: 478. Thread: 478. executing: UPDATE  . Key: 39. thread_create result: 0
Record: 479. Thread: 479. executing: INSERT  . Key: 88. thread_create result: 0
Record: 480. Thread: 480. executing: CONTAINS. Key: 193. thread_create result: 0
Record: 481. Thread: 481. executing: REMOVE  . Key: 90. thread_create result: 0
Record: 482. Thread: 482. executing: CONTAINS. Key: 199. thread_create result: 0
Record: 483. Thread: 483. executing: CONTAINS. Key: 131. thread_create result: 0
Record: 484. Thread: 484. executing: COMPUTE . Key: 177. thread_create result: 0
Record: 485. Thread: 485. executing: REMOVE  . Key: 57. thread_create result: 0
Record: 486. Thread: 486. executing: CONTAINS. Key: 152. thread_create result: 0
Record: 487. Thread: 487. executing: INSERT  . Key: 41. thread_create result: 0
Record: 488. Thread: 488. executing: UPDATE  . Key: 168. thread_create result: 0
Record: 489. Thread: 489. executing: INSERT  . Key: 184. thread_create result: 0
Record: 490. Thread: 490. executing: INSERT  . Key: 176. thread_create result: 0
Record: 491. Thread: 491. executing: UPDATE  . Key: 66. thread_create result: 0
Record: 492. Thread: 492. executing: UPDATE  . Key: 154. thread_create result: 0
Record: 493. Thread: 493. executing: UPDATE  . Key: 108. thread_create result: 0
Record: 494. Thread: 494. executing: CONTAINS. Key: 78. thread_create result: 0
Record: 495. Thread: 495. executing: CONTAINS. Key: 155. thread_create result: 0
Record: 496. Thread: 496. executing: INSERT  . Key: 174. thread_create result: 0
Record: 497. Thread: 497. executing: INSERT  . Key: 0. thread_create result: 0
Record: 498. Thread: 498. executing: UPDATE  . Key: 197. thread_create result: 0
Record: 499. Thread: 499. executing: CONTAINS. Key: 12. thread_create result: 0
Record: 500. Thread: 500. executing: REMOVE  . Key: 182. thread_create result: 0
